<?xml version="1.0" encoding="UTF-8"?>
<!-- Generated by org.testng.reporters.JUnitReportReporter -->
<testsuite skipped="0" hostname="EQ-EQ6283006" name="com.rediff.qa.test.HomePageTest" tests="3" failures="0" timestamp="2019-09-03T21:34:44 IST" time="38.501" errors="0">
  <testcase name="checkHomePageTitleTest" time="12.429" classname="com.rediff.qa.test.HomePageTest"/>
  <testcase name="checkHomePageLogo" time="12.554" classname="com.rediff.qa.test.HomePageTest"/>
  <testcase name="goToLoginPage" time="13.518" classname="com.rediff.qa.test.HomePageTest"/>
</testsuite> <!-- com.rediff.qa.test.HomePageTest -->
