<?xml version="1.0" encoding="UTF-8"?>
<!-- Generated by org.testng.reporters.JUnitReportReporter -->
<testsuite skipped="0" hostname="EQ-EQ6283006" name="com.rediff.qa.base.TestBase" tests="1" failures="0" timestamp="2019-08-25T00:05:52 IST" time="0.019" errors="0">
  <testcase name="run" time="0.019" classname="com.rediff.qa.base.TestBase"/>
</testsuite> <!-- com.rediff.qa.base.TestBase -->
