<?xml version="1.0" encoding="UTF-8"?>
<!-- Generated by org.testng.reporters.JUnitReportReporter -->
<testsuite skipped="0" hostname="EQ-EQ6283006" name="com.rediff.qa.test.HomePageTest" tests="3" failures="0" timestamp="03 Sep 2019 05:45:07 GMT" time="55.841" errors="0">
  <testcase name="checkHomePageTitleTest" time="16.050" classname="com.rediff.qa.test.HomePageTest"/>
  <testcase name="checkHomePageLogo" time="19.246" classname="com.rediff.qa.test.HomePageTest"/>
  <testcase name="goToLoginPage" time="20.545" classname="com.rediff.qa.test.HomePageTest"/>
</testsuite> <!-- com.rediff.qa.test.HomePageTest -->
